C51 COMPILER V9.60.0.0   SAVE                                                              02/21/2023 23:58:01 PAGE 1   


C51 COMPILER V9.60.0.0, COMPILATION OF MODULE SAVE
OBJECT MODULE PLACED IN .\Objects\save.obj
COMPILER INVOKED BY: d:\work\keil\C51\BIN\C51.EXE save.c OPTIMIZE(8,SPEED) BROWSE DEBUG OBJECTEXTEND PRINT(.\Listings\sa
                    -ve.lst) TABS(2) OBJECT(.\Objects\save.obj)

line level    source

   1          #include <reg52.h>
   2          #include <intrins.h>
   3          #include <save.h>
   4          #include <lcd.h>
   5          
   6          
   7          /*起始条件*/
   8          
   9          void Start(void)
  10          {
  11   1        SDA=1;
  12   1        SCL=1;
  13   1        Nop();
  14   1        SDA=0;
  15   1        Nop();
  16   1      }
  17          
  18          
  19           /*停止条件*/
  20          void Stop(void)
  21          {
  22   1        SDA=0;
  23   1        SCL=1;
  24   1        Nop();
  25   1        SDA=1;
  26   1        Nop();
  27   1      }
  28          
  29          /*应答位*/
  30          void Ack(void)
  31          {
  32   1        SDA=0;
  33   1        Nop();
  34   1        SCL=1;
  35   1        Nop();
  36   1        SCL=0;
  37   1      }
  38          
  39          /*反向应答位*/
  40          void NoAck(void)
  41          {
  42   1        SDA=1;
  43   1        Nop();
  44   1        SCL=1;
  45   1        Nop();
  46   1        SCL=0;
  47   1      }
  48          
  49           /*发送数据子程序，Data为要求发送的数据*/
  50          void Send(u8 Data)
  51          {
  52   1          u8 BitCounter=8;
  53   1          u8 temp;
  54   1          do
C51 COMPILER V9.60.0.0   SAVE                                                              02/21/2023 23:58:01 PAGE 2   

  55   1          {
  56   2            temp=Data;
  57   2            SCL=0;
  58   2            Nop();
  59   2            if((temp&0x80)==0x80)
  60   2            SDA=1;
  61   2            else 
  62   2            SDA=0;
  63   2            SCL=1;
  64   2            temp=Data<<1;
  65   2            Data=temp;
  66   2            BitCounter--;
  67   2          }
  68   1          while(BitCounter);
  69   1          SCL=0;
  70   1      }
  71          
  72          /*读一字节的数据，并返回该字节值*/
  73          u8 Readb(void)
  74          {
  75   1          u8 temp=0;
  76   1        u8 temp1=0;
  77   1        u8 BitCounter=8;
  78   1        SDA=1;
  79   1        do{
  80   2        SCL=0;
  81   2        Nop();
  82   2        SCL=1;
  83   2        Nop();
  84   2        if(SDA)
  85   2        temp=temp|0x01;
  86   2        else
  87   2        temp=temp&0xfe;
  88   2        if(BitCounter-1)
  89   2        {
  90   3        temp1=temp<<1;
  91   3        temp=temp1;
  92   3        }
  93   2        BitCounter--;
  94   2        }
  95   1        while(BitCounter);
  96   1        return(temp);
  97   1        }
  98          
  99          void Write(u8 Data[],u8 Address,u8 Num)
 100          {
 101   1        u8 i;
 102   1        u8 *PData;
 103   1        PData=Data;
 104   1        for(i=0;i<Num;i++)
 105   1        {
 106   2        Start();
 107   2        Send(0xa0);
 108   2        Ack();
 109   2        Send(Address+i);
 110   2        Ack();
 111   2        Send(*(PData+i));
 112   2        Ack();
 113   2        Stop();
 114   2        delay_ms(20);
 115   2        }
 116   1      }
C51 COMPILER V9.60.0.0   SAVE                                                              02/21/2023 23:58:01 PAGE 3   

 117          
 118          void Read(u8 Data[],u8 Address,u8 Num)
 119          {
 120   1        u8 i;
 121   1        u8 *PData;
 122   1        PData=Data;
 123   1        for(i=0;i<Num;i++)
 124   1        {
 125   2        Start();
 126   2        Send(0xa0);
 127   2        Ack();
 128   2        Send(Address+i);
 129   2        Ack();
 130   2        Start();
 131   2        Send(0xa1);
 132   2        Ack();
 133   2        *(PData+i)=Readb();
 134   2        SCL=0;
 135   2        NoAck();
 136   2        Stop();
 137   2        }
 138   1      }
 139          


MODULE INFORMATION:   STATIC OVERLAYABLE
   CODE SIZE        =    282    ----
   CONSTANT SIZE    =   ----    ----
   XDATA SIZE       =   ----    ----
   PDATA SIZE       =   ----    ----
   DATA SIZE        =   ----      17
   IDATA SIZE       =   ----    ----
   BIT SIZE         =   ----    ----
END OF MODULE INFORMATION.


C51 COMPILATION COMPLETE.  0 WARNING(S),  0 ERROR(S)
