C51 COMPILER V9.60.0.0   LCD                                                               02/17/2023 12:06:16 PAGE 1   


C51 COMPILER V9.60.0.0, COMPILATION OF MODULE LCD
OBJECT MODULE PLACED IN .\Objects\lcd.obj
COMPILER INVOKED BY: d:\work\keil\C51\BIN\C51.EXE lcd.c OPTIMIZE(8,SPEED) BROWSE DEBUG OBJECTEXTEND PRINT(.\Listings\lcd
                    -.lst) TABS(2) OBJECT(.\Objects\lcd.obj)

line level    source

   1          #include <reg52.h>
   2          #include <lcd.h>
   3          #include <stdio.h>
   4          
   5          //  延时函数 
   6          void delay_ms(u8 xms)
   7          {
   8   1        u8 i,j;
   9   1        for(i=xms;i>0;i--)
  10   1        for(j=112;j>0;j--);
  11   1      }
  12          
  13          void delay_s(u8 xs)
  14          {
  15   1        u8 i,j;
  16   1        for (i=xs;i>0;i--)
  17   1        for(j=10;j>0;j--)
  18   1        delay_ms(100);
  19   1      }
  20          //  向1602写命令函数   参数:com 命令  返回值 : 无
  21          void LcdWriteCom(u8 com)
  22          {
  23   1        E=0;
  24   1        RW=0;
  25   1        RS=0;
  26   1        D=com;
  27   1        delay_ms(5);
  28   1        E=1;
  29   1        delay_ms(5);
  30   1        E=0;
  31   1      }
  32          //  向1602写数据命令  参数: dat 数据  返回值: 无
  33          void LcdWriteData(u8 dat)
  34          {
  35   1        E=0;
  36   1        RW=0;
  37   1        RS=1;
  38   1        D=dat;
  39   1        delay_ms(5);
  40   1        E=1;
  41   1        delay_ms(5);
  42   1        E=0;
  43   1      }
  44          
  45          //  LCD1602初始化函数
  46          void LcdInit()
  47          {
  48   1        LcdWriteCom(0x38);
  49   1        LcdWriteCom(0x0c);
  50   1        LcdWriteCom(0x06);
  51   1        LcdWriteCom(0x01);
  52   1        LcdWriteCom(0x80);
  53   1      }
  54          
C51 COMPILER V9.60.0.0   LCD                                                               02/17/2023 12:06:16 PAGE 2   

  55          //  第一行显示字符串
  56          void Show_string1(u8 a[])
  57          {
  58   1        u8 i;
  59   1        LcdWriteCom(0x80);
  60   1        for(i=0;a[i]!='\0';i++)
  61   1        {
  62   2          LcdWriteData(a[i]);
  63   2        }
  64   1      }
  65          
  66          //  第二行显示字符串
  67          void Show_string2(u8 a[])
  68          {
  69   1        u8 i;
  70   1        LcdWriteCom(0x80+0X40);
  71   1        for(i=0;a[i]!='\0';i++)
  72   1        {
  73   2          LcdWriteData(a[i]);
  74   2        }
  75   1      }
  76          
  77          //  指定位置显示字符串  参数 add 地址 第一行 0~27  第二行 40~67  a[] 字符串 "abc" 
  78          void show_string(u8 add,u8 a[])
  79          {
  80   1        u8 i;
  81   1        LcdWriteCom(0x80+add);
  82   1        for(i=0;a[i]!='\0';i++)
  83   1        {
  84   2          LcdWriteData(a[i]);
  85   2        }
  86   1      }
  87          
  88          //  任意位置显示数字 
  89          void show_number(u8 add,u16 a)
  90          {
  91   1        char s[10];
  92   1        sprintf(s,"%d",a);        
  93   1        show_string(add,(u8 *)s); //  格式转换
  94   1      }


MODULE INFORMATION:   STATIC OVERLAYABLE
   CODE SIZE        =    273    ----
   CONSTANT SIZE    =      3    ----
   XDATA SIZE       =   ----    ----
   PDATA SIZE       =   ----    ----
   DATA SIZE        =   ----      20
   IDATA SIZE       =   ----    ----
   BIT SIZE         =   ----    ----
END OF MODULE INFORMATION.


C51 COMPILATION COMPLETE.  0 WARNING(S),  0 ERROR(S)
